🔑 API Key loaded: kiln_OV1Mc...
🚀 Kiln Dashboard API server running on port 3001
📊 API Documentation: http://localhost:3001/
🔧 Health Check: http://localhost:3001/api/health
🧪 Test Connection: http://localhost:3001/api/test-connection
📈 Business Intelligence Features Enabled
Fetching latest transactions from Etherscan...
✅ Fetched 2 transactions from block 22918476
Fetching account-based stakes analytics...
Fetching network stats from Kiln API...
Fetching validators from Kiln API...
Fetching account-based stakes analytics...
Fetching network stats from Kiln API...
Fetching validators from Kiln API...
Error fetching stakes for account b7177fd2-fbb3-479f-aa92-db9fb16e229f: Request failed with status code 500
Error fetching stakes for account 9b3b106c-c889-4356-bcd8-4305b538f765: Request failed with status code 500
Error fetching stakes for account b7177fd2-fbb3-479f-aa92-db9fb16e229f: Request failed with status code 500
Error fetching stakes for account 9e783bba-fd74-46a7-bb36-f1c2bf9e799d: Request failed with status code 500
Error fetching stakes for account 9b3b106c-c889-4356-bcd8-4305b538f765: Request failed with status code 500
Error fetching stakes for account 9e783bba-fd74-46a7-bb36-f1c2bf9e799d: Request failed with status code 500
Fetching network stats from Kiln API...
Fetching latest transactions from Etherscan...
✅ Fetched 1 transactions from block 22918590
Fetching network stats from Kiln API...
Fetching latest transactions from Etherscan...
✅ Fetched 3 transactions from block 22919706
Fetching latest transactions from Etherscan...
✅ Fetched 2 transactions from block 22919708
Fetching latest transactions from Etherscan...
✅ Fetched 2 transactions from block 22919724
Fetching validators from Kiln API...
Fetching account-based stakes analytics...
Fetching network stats from Kiln API...
Error fetching stakes for account b7177fd2-fbb3-479f-aa92-db9fb16e229f: Request failed with status code 500
Error fetching stakes for account 9e783bba-fd74-46a7-bb36-f1c2bf9e799d: Request failed with status code 500
Error fetching stakes for account 9b3b106c-c889-4356-bcd8-4305b538f765: Request failed with status code 500
Fetching network stats from Kiln API...
Fetching validators from Kiln API...
Fetching accounts from Kiln API...
Fetching account-based stakes analytics...
Error fetching stakes for account b7177fd2-fbb3-479f-aa92-db9fb16e229f: Request failed with status code 500
Error fetching stakes for account 9b3b106c-c889-4356-bcd8-4305b538f765: Request failed with status code 500
Error fetching stakes for account 9e783bba-fd74-46a7-bb36-f1c2bf9e799d: Request failed with status code 500
Fetching network stats from Kiln API...
Fetching latest transactions from Etherscan...
✅ Fetched 3 transactions from block 22919866
Fetching validators from Kiln API...
Fetching latest transactions from Etherscan...
✅ Fetched 20 transactions from block 22919884
Fetching network stats from Kiln API...
Fetching network stats from Kiln API...
Fetching latest transactions from Etherscan...
Fetching latest transactions from Etherscan...
✅ Fetched 20 transactions from block NaN
✅ Fetched 20 transactions from block 22919900
Fetching network stats from Kiln API...
Fetching validators from Kiln API...
Fetching latest transactions from Etherscan...
Fetching latest transactions from Etherscan...
Fetching latest transactions from Etherscan...
✅ Fetched 50 transactions from block NaN
✅ Fetched 50 transactions from block 22919972
✅ Fetched 50 transactions from block NaN
Fetching latest transactions from Etherscan...
✅ Fetched 50 transactions from block 22919979
Fetching latest transactions from Etherscan...
Fetching latest transactions from Etherscan...
✅ Fetched 50 transactions from block 22919986
✅ Fetched 50 transactions from block 22919986
Fetching latest transactions from Etherscan...
✅ Fetched 50 transactions from block 22919992
Fetching network stats from Kiln API...
Fetching validators from Kiln API...
Fetching latest transactions from Etherscan...
✅ Fetched 50 transactions from block 22919999
Fetching latest transactions from Etherscan...
✅ Fetched 50 transactions from block 22920006
Fetching latest transactions from Etherscan...
✅ Fetched 50 transactions from block 22920014
Fetching latest transactions from Etherscan...
✅ Fetched 50 transactions from block 22920021
Fetching network stats from Kiln API...
Fetching validators from Kiln API...
Fetching latest transactions from Etherscan...
✅ Fetched 50 transactions from block 22920029
Fetching latest transactions from Etherscan...
✅ Fetched 50 transactions from block 22920034
Fetching latest transactions from Etherscan...
✅ Fetched 50 transactions from block 22920041
Fetching latest transactions from Etherscan...
✅ Fetched 50 transactions from block 22920047
Fetching network stats from Kiln API...
Fetching validators from Kiln API...
Fetching latest transactions from Etherscan...
✅ Fetched 50 transactions from block 22920054
Fetching latest transactions from Etherscan...
✅ Fetched 50 transactions from block 22920059
Fetching latest transactions from Etherscan...
✅ Fetched 50 transactions from block 22920065
Fetching latest transactions from Etherscan...
✅ Fetched 50 transactions from block 22920070
Fetching network stats from Kiln API...
Fetching validators from Kiln API...
Fetching latest transactions from Etherscan...
Fetching latest transactions from Etherscan...
✅ Fetched 50 transactions from block 22920087
✅ Fetched 50 transactions from block 22920087
Fetching latest transactions from Etherscan...
✅ Fetched 50 transactions from block 22920093
Fetching latest transactions from Etherscan...
✅ Fetched 50 transactions from block 22920098
Fetching latest transactions from Etherscan...
✅ Fetched 50 transactions from block 22920105
Fetching latest transactions from Etherscan...
Fetching latest transactions from Etherscan...
Fetching latest transactions from Etherscan...
✅ Fetched 50 transactions from block 22920110
✅ Fetched 50 transactions from block 22920110
✅ Fetched 50 transactions from block NaN
Fetching network stats from Kiln API...
Fetching validators from Kiln API...
Fetching latest transactions from Etherscan...
✅ Fetched 50 transactions from block 22920116
Fetching network stats from Kiln API...
Fetching validators from Kiln API...
Fetching latest transactions from Etherscan...
✅ Fetched 50 transactions from block 22920267
Fetching latest transactions from Etherscan...
✅ Fetched 50 transactions from block 22920273
Fetching network stats from Kiln API...
Fetching validators from Kiln API...
Fetching latest transactions from Etherscan...
✅ Fetched 50 transactions from block 22920427
Fetching network stats from Kiln API...
Fetching validators from Kiln API...
Fetching latest transactions from Etherscan...
✅ Fetched 50 transactions from block 22920580
Fetching latest transactions from Etherscan...
✅ Fetched 50 transactions from block 22920585
Fetching latest transactions from Etherscan...
✅ Fetched 50 transactions from block 22920596
Fetching network stats from Kiln API...
Fetching validators from Kiln API...
Fetching latest transactions from Etherscan...
✅ Fetched 50 transactions from block 22920605
Fetching latest transactions from Etherscan...
✅ Fetched 50 transactions from block 22920615
Fetching latest transactions from Etherscan...
✅ Fetched 50 transactions from block 22920621
Fetching latest transactions from Etherscan...
✅ Fetched 50 transactions from block 22920630
Fetching network stats from Kiln API...
Fetching validators from Kiln API...
Fetching latest transactions from Etherscan...
✅ Fetched 50 transactions from block 22920641
Fetching latest transactions from Etherscan...
✅ Fetched 50 transactions from block 22920650
Fetching latest transactions from Etherscan...
✅ Fetched 50 transactions from block 22920657
Fetching network stats from Kiln API...
Fetching validators from Kiln API...
Fetching latest transactions from Etherscan...
✅ Fetched 50 transactions from block 22920666
Fetching latest transactions from Etherscan...
✅ Fetched 50 transactions from block 22920675
Fetching latest transactions from Etherscan...
✅ Fetched 50 transactions from block 22920680
Fetching network stats from Kiln API...
Fetching validators from Kiln API...
Fetching latest transactions from Etherscan...
✅ Fetched 50 transactions from block 22920690
Fetching latest transactions from Etherscan...
✅ Fetched 50 transactions from block 22920700
Fetching latest transactions from Etherscan...
✅ Fetched 50 transactions from block 22920710
Fetching network stats from Kiln API...
Fetching validators from Kiln API...
Fetching latest transactions from Etherscan...
✅ Fetched 50 transactions from block 22920721
Fetching latest transactions from Etherscan...
✅ Fetched 50 transactions from block 22920727
Fetching latest transactions from Etherscan...
✅ Fetched 50 transactions from block 22920735
Fetching validators from Kiln API...
Fetching latest transactions from Etherscan...
✅ Fetched 50 transactions from block 22920746
Fetching network stats from Kiln API...
Fetching latest transactions from Etherscan...
✅ Fetched 50 transactions from block 22920756
Fetching latest transactions from Etherscan...
✅ Fetched 50 transactions from block 22920761
Fetching latest transactions from Etherscan...
✅ Fetched 50 transactions from block 22920771
Fetching validators from Kiln API...
Fetching network stats from Kiln API...
Fetching latest transactions from Etherscan...
✅ Fetched 50 transactions from block 22920781
Fetching latest transactions from Etherscan...
✅ Fetched 50 transactions from block 22920790
Fetching latest transactions from Etherscan...
✅ Fetched 50 transactions from block 22920797
Fetching validators from Kiln API...
Fetching network stats from Kiln API...
Fetching latest transactions from Etherscan...
✅ Fetched 50 transactions from block 22920805
Fetching latest transactions from Etherscan...
✅ Fetched 50 transactions from block 22920810
Fetching latest transactions from Etherscan...
✅ Fetched 50 transactions from block 22920820
Fetching latest transactions from Etherscan...
✅ Fetched 50 transactions from block 22920825
Fetching validators from Kiln API...
Fetching latest transactions from Etherscan...
✅ Fetched 50 transactions from block 22920831
Fetching network stats from Kiln API...
Fetching latest transactions from Etherscan...
✅ Fetched 50 transactions from block 22920841
Fetching latest transactions from Etherscan...
✅ Fetched 50 transactions from block 22920850
Fetching network stats from Kiln API...
Fetching validators from Kiln API...
Fetching latest transactions from Etherscan...
✅ Fetched 50 transactions from block 22920861
Fetching latest transactions from Etherscan...
✅ Fetched 50 transactions from block 22920867
Fetching latest transactions from Etherscan...
✅ Fetched 50 transactions from block 22920875
Fetching validators from Kiln API...
Fetching latest transactions from Etherscan...
✅ Fetched 50 transactions from block 22920886
Fetching network stats from Kiln API...
Fetching latest transactions from Etherscan...
✅ Fetched 50 transactions from block 22920896
Fetching latest transactions from Etherscan...
✅ Fetched 50 transactions from block 22920901
Fetching latest transactions from Etherscan...
✅ Fetched 50 transactions from block 22920911
Fetching validators from Kiln API...
Fetching network stats from Kiln API...
Fetching latest transactions from Etherscan...
✅ Fetched 50 transactions from block 22920920
Fetching latest transactions from Etherscan...
✅ Fetched 50 transactions from block 22920926
Fetching latest transactions from Etherscan...
✅ Fetched 50 transactions from block 22920936
Fetching validators from Kiln API...
Fetching network stats from Kiln API...
Fetching latest transactions from Etherscan...
✅ Fetched 50 transactions from block 22920946
Fetching latest transactions from Etherscan...
✅ Fetched 50 transactions from block 22920955
Fetching latest transactions from Etherscan...
✅ Fetched 50 transactions from block 22920960
Fetching network stats from Kiln API...
Fetching validators from Kiln API...
Fetching latest transactions from Etherscan...
✅ Fetched 50 transactions from block 22921046
Fetching latest transactions from Etherscan...
✅ Fetched 50 transactions from block 22921052
Fetching network stats from Kiln API...
Fetching validators from Kiln API...
Fetching latest transactions from Etherscan...
✅ Fetched 50 transactions from block 22921210
Fetching latest transactions from Etherscan...
✅ Fetched 50 transactions from block 22921219
Fetching latest transactions from Etherscan...
✅ Fetched 50 transactions from block 22921229
Fetching validators from Kiln API...
Fetching network stats from Kiln API...
Fetching latest transactions from Etherscan...
✅ Fetched 50 transactions from block 22921235
Fetching latest transactions from Etherscan...
✅ Fetched 50 transactions from block 22921244
Fetching network stats from Kiln API...
Fetching validators from Kiln API...
Fetching latest transactions from Etherscan...
✅ Fetched 50 transactions from block 22921323
Fetching latest transactions from Etherscan...
✅ Fetched 50 transactions from block 22921329
Fetching network stats from Kiln API...
Fetching validators from Kiln API...
Fetching latest transactions from Etherscan...
✅ Fetched 50 transactions from block 22921421
Fetching latest transactions from Etherscan...
✅ Fetched 50 transactions from block 22921426
Fetching latest transactions from Etherscan...
✅ Fetched 50 transactions from block 22921436
Fetching latest transactions from Etherscan...
✅ Fetched 50 transactions from block 22921445
Fetching network stats from Kiln API...
Fetching validators from Kiln API...
Fetching latest transactions from Etherscan...
✅ Fetched 50 transactions from block 22921456
Fetching latest transactions from Etherscan...
✅ Fetched 50 transactions from block 22921461
Fetching latest transactions from Etherscan...
✅ Fetched 50 transactions from block 22921470
Fetching network stats from Kiln API...
Fetching validators from Kiln API...
Fetching latest transactions from Etherscan...
✅ Fetched 50 transactions from block 22921481
Fetching latest transactions from Etherscan...
✅ Fetched 50 transactions from block 22921491
Fetching latest transactions from Etherscan...
✅ Fetched 50 transactions from block 22921497
Fetching validators from Kiln API...
Fetching network stats from Kiln API...
Fetching latest transactions from Etherscan...
✅ Fetched 50 transactions from block 22921506
Fetching latest transactions from Etherscan...
✅ Fetched 50 transactions from block 22921516
Fetching latest transactions from Etherscan...
✅ Fetched 50 transactions from block 22921525
Fetching validators from Kiln API...
Fetching network stats from Kiln API...
Fetching latest transactions from Etherscan...
✅ Fetched 50 transactions from block 22921532
Fetching latest transactions from Etherscan...
✅ Fetched 50 transactions from block 22921541
Fetching latest transactions from Etherscan...
✅ Fetched 50 transactions from block 22921546
Fetching latest transactions from Etherscan...
✅ Fetched 50 transactions from block 22921555
Fetching validators from Kiln API...
Fetching network stats from Kiln API...
Fetching latest transactions from Etherscan...
✅ Fetched 50 transactions from block 22921561
Fetching latest transactions from Etherscan...
✅ Fetched 43 transactions from block 22921566
Fetching latest transactions from Etherscan...
✅ Fetched 50 transactions from block 22921576
Fetching validators from Kiln API...
Fetching latest transactions from Etherscan...
✅ Fetched 50 transactions from block 22921586
Fetching network stats from Kiln API...
Fetching latest transactions from Etherscan...
✅ Fetched 50 transactions from block 22921596
Fetching latest transactions from Etherscan...
✅ Fetched 50 transactions from block 22921602
Fetching validators from Kiln API...
Fetching latest transactions from Etherscan...
✅ Fetched 50 transactions from block 22921611
Fetching network stats from Kiln API...
Fetching latest transactions from Etherscan...
✅ Fetched 50 transactions from block 22921621
Fetching latest transactions from Etherscan...
✅ Fetched 50 transactions from block 22921626
Fetching latest transactions from Etherscan...
✅ Fetched 50 transactions from block 22921636
Fetching validators from Kiln API...
Fetching network stats from Kiln API...
Fetching latest transactions from Etherscan...
✅ Fetched 50 transactions from block 22921646
Fetching latest transactions from Etherscan...
✅ Fetched 50 transactions from block 22921656
Fetching latest transactions from Etherscan...
✅ Fetched 50 transactions from block 22921661
Fetching validators from Kiln API...
Fetching latest transactions from Etherscan...
✅ Fetched 50 transactions from block 22921671
Fetching network stats from Kiln API...
Fetching latest transactions from Etherscan...
✅ Fetched 50 transactions from block 22921676
Fetching latest transactions from Etherscan...
✅ Fetched 50 transactions from block 22921684
Fetching latest transactions from Etherscan...
✅ Fetched 50 transactions from block 22921691
Fetching validators from Kiln API...
Fetching latest transactions from Etherscan...
✅ Fetched 50 transactions from block 22921696
Fetching network stats from Kiln API...
Fetching latest transactions from Etherscan...
✅ Fetched 50 transactions from block 22921701
Fetching latest transactions from Etherscan...
✅ Fetched 50 transactions from block 22921707
Fetching latest transactions from Etherscan...
✅ Fetched 50 transactions from block 22921716
Fetching validators from Kiln API...
Fetching latest transactions from Etherscan...
✅ Fetched 50 transactions from block 22921721
Fetching network stats from Kiln API...
Fetching latest transactions from Etherscan...
✅ Fetched 50 transactions from block 22921746
Fetching network stats from Kiln API...
Fetching validators from Kiln API...
Fetching latest transactions from Etherscan...
✅ Fetched 50 transactions from block 22921899
Fetching latest transactions from Etherscan...
✅ Fetched 25 transactions from block 22921905
Fetching latest transactions from Etherscan...
✅ Fetched 50 transactions from block 22921910
Fetching latest transactions from Etherscan...
✅ Fetched 50 transactions from block 22921919
Fetching network stats from Kiln API...
Fetching validators from Kiln API...
Fetching latest transactions from Etherscan...
✅ Fetched 50 transactions from block 22921929
Fetching latest transactions from Etherscan...
✅ Fetched 50 transactions from block 22921940
Fetching latest transactions from Etherscan...
✅ Fetched 50 transactions from block 22921945
Fetching network stats from Kiln API...
Fetching validators from Kiln API...
Fetching latest transactions from Etherscan...
✅ Fetched 50 transactions from block 22921955
Fetching latest transactions from Etherscan...
✅ Fetched 50 transactions from block 22921964
Fetching latest transactions from Etherscan...
✅ Fetched 50 transactions from block 22921974
Fetching network stats from Kiln API...
Fetching validators from Kiln API...
Fetching latest transactions from Etherscan...
✅ Fetched 50 transactions from block 22921980
Fetching latest transactions from Etherscan...
✅ Fetched 50 transactions from block 22921989
Fetching latest transactions from Etherscan...
✅ Fetched 45 transactions from block 22921999
Fetching network stats from Kiln API...
Fetching validators from Kiln API...
Fetching latest transactions from Etherscan...
✅ Fetched 50 transactions from block 22922008
Fetching latest transactions from Etherscan...
✅ Fetched 50 transactions from block 22922014
Fetching latest transactions from Etherscan...
✅ Fetched 50 transactions from block 22922023
Fetching latest transactions from Etherscan...
✅ Fetched 50 transactions from block 22922033
Fetching network stats from Kiln API...
Fetching validators from Kiln API...
Fetching latest transactions from Etherscan...
✅ Fetched 50 transactions from block 22922044
Fetching latest transactions from Etherscan...
✅ Fetched 50 transactions from block 22922049
Fetching latest transactions from Etherscan...
✅ Fetched 50 transactions from block 22922059
Fetching network stats from Kiln API...
Fetching validators from Kiln API...
Fetching latest transactions from Etherscan...
✅ Fetched 50 transactions from block 22922069
Fetching latest transactions from Etherscan...
✅ Fetched 50 transactions from block 22922078
Fetching latest transactions from Etherscan...
✅ Fetched 50 transactions from block 22922084
Fetching network stats from Kiln API...
Fetching validators from Kiln API...
Fetching latest transactions from Etherscan...
✅ Fetched 50 transactions from block 22922094
Fetching latest transactions from Etherscan...
✅ Fetched 50 transactions from block 22922103
Fetching latest transactions from Etherscan...
✅ Fetched 50 transactions from block 22922114
Fetching network stats from Kiln API...
Fetching validators from Kiln API...
Fetching latest transactions from Etherscan...
✅ Fetched 50 transactions from block 22922119
Fetching latest transactions from Etherscan...
✅ Fetched 50 transactions from block 22922122
Fetching latest transactions from Etherscan...
✅ Fetched 50 transactions from block 22922138
Fetching network stats from Kiln API...
Fetching validators from Kiln API...
Fetching latest transactions from Etherscan...
✅ Fetched 50 transactions from block 22922149
Fetching latest transactions from Etherscan...
✅ Fetched 50 transactions from block 22922154
Fetching latest transactions from Etherscan...
✅ Fetched 50 transactions from block 22922163
Fetching validators from Kiln API...
Fetching latest transactions from Etherscan...
✅ Fetched 50 transactions from block 22922173
Fetching network stats from Kiln API...
Fetching latest transactions from Etherscan...
✅ Fetched 50 transactions from block 22922184
Fetching latest transactions from Etherscan...
✅ Fetched 50 transactions from block 22922191
Fetching latest transactions from Etherscan...
✅ Fetched 50 transactions from block 22922199
Fetching validators from Kiln API...
Fetching network stats from Kiln API...
Fetching latest transactions from Etherscan...
✅ Fetched 50 transactions from block 22922207
Fetching latest transactions from Etherscan...
✅ Fetched 50 transactions from block 22922217
Fetching latest transactions from Etherscan...
✅ Fetched 50 transactions from block 22922224
Fetching validators from Kiln API...
Fetching network stats from Kiln API...
Fetching latest transactions from Etherscan...
✅ Fetched 50 transactions from block 22922232
Fetching latest transactions from Etherscan...
✅ Fetched 50 transactions from block 22922242
Fetching latest transactions from Etherscan...
✅ Fetched 50 transactions from block 22922248
Fetching validators from Kiln API...
Fetching latest transactions from Etherscan...
✅ Fetched 50 transactions from block 22922257
Fetching network stats from Kiln API...
Fetching latest transactions from Etherscan...
✅ Fetched 50 transactions from block 22922267
Fetching network stats from Kiln API...
Fetching validators from Kiln API...
Fetching latest transactions from Etherscan...
✅ Fetched 50 transactions from block 22922361
Fetching latest transactions from Etherscan...
✅ Fetched 50 transactions from block 22922366
Fetching latest transactions from Etherscan...
✅ Fetched 50 transactions from block 22922376
Fetching latest transactions from Etherscan...
✅ Fetched 50 transactions from block 22922385
Fetching network stats from Kiln API...
Fetching validators from Kiln API...
Fetching latest transactions from Etherscan...
✅ Fetched 50 transactions from block 22922396
Fetching latest transactions from Etherscan...
✅ Fetched 50 transactions from block 22922406
Fetching latest transactions from Etherscan...
✅ Fetched 50 transactions from block 22922412
Fetching network stats from Kiln API...
Fetching validators from Kiln API...
Fetching latest transactions from Etherscan...
✅ Fetched 50 transactions from block 22922421
Fetching latest transactions from Etherscan...
✅ Fetched 50 transactions from block 22922430
Fetching latest transactions from Etherscan...
✅ Fetched 50 transactions from block 22922436
Fetching network stats from Kiln API...
Fetching validators from Kiln API...
Fetching latest transactions from Etherscan...
✅ Fetched 50 transactions from block 22922443
Fetching latest transactions from Etherscan...
✅ Fetched 50 transactions from block 22922455
Fetching latest transactions from Etherscan...
✅ Fetched 50 transactions from block 22922466
Fetching network stats from Kiln API...
Fetching validators from Kiln API...
Fetching latest transactions from Etherscan...
✅ Fetched 50 transactions from block 22922466
Fetching latest transactions from Etherscan...
✅ Fetched 50 transactions from block 22922482
Fetching latest transactions from Etherscan...
✅ Fetched 50 transactions from block 22922491
Fetching validators from Kiln API...
Fetching latest transactions from Etherscan...
✅ Fetched 50 transactions from block 22922499
Fetching network stats from Kiln API...
Fetching latest transactions from Etherscan...
✅ Fetched 50 transactions from block 22922510
Fetching latest transactions from Etherscan...
✅ Fetched 50 transactions from block 22922515
Fetching latest transactions from Etherscan...
✅ Fetched 50 transactions from block 22922525
Fetching validators from Kiln API...
Fetching network stats from Kiln API...
Fetching latest transactions from Etherscan...
✅ Fetched 50 transactions from block 22922535
Fetching latest transactions from Etherscan...
✅ Fetched 50 transactions from block 22922545
Fetching latest transactions from Etherscan...
✅ Fetched 50 transactions from block 22922551
Fetching validators from Kiln API...
Fetching network stats from Kiln API...
Fetching latest transactions from Etherscan...
✅ Fetched 50 transactions from block 22922560
Fetching latest transactions from Etherscan...
✅ Fetched 50 transactions from block 22922570
Fetching validators from Kiln API...
Fetching latest transactions from Etherscan...
✅ Fetched 50 transactions from block 22922579
Fetching network stats from Kiln API...
Fetching latest transactions from Etherscan...
✅ Fetched 50 transactions from block 22922586
Fetching latest transactions from Etherscan...
✅ Fetched 50 transactions from block 22922595
Fetching latest transactions from Etherscan...
✅ Fetched 50 transactions from block 22922598
Fetching validators from Kiln API...
Fetching latest transactions from Etherscan...
✅ Fetched 50 transactions from block 22922610
Fetching network stats from Kiln API...
Fetching latest transactions from Etherscan...
Fetching latest transactions from Etherscan...
✅ Fetched 50 transactions from block 22922618
✅ Fetched 50 transactions from block 22922620
Fetching latest transactions from Etherscan...
✅ Fetched 50 transactions from block 22922630
Fetching validators from Kiln API...
Fetching latest transactions from Etherscan...
✅ Fetched 50 transactions from block 22922637
Fetching network stats from Kiln API...
Fetching latest transactions from Etherscan...
✅ Fetched 50 transactions from block 22922649
Fetching latest transactions from Etherscan...
✅ Fetched 50 transactions from block 22922656
Fetching validators from Kiln API...
Fetching latest transactions from Etherscan...
✅ Fetched 50 transactions from block 22922665
Fetching network stats from Kiln API...
Fetching latest transactions from Etherscan...
✅ Fetched 50 transactions from block 22922675
Fetching latest transactions from Etherscan...
✅ Fetched 50 transactions from block 22922685
Fetching validators from Kiln API...
Fetching latest transactions from Etherscan...
✅ Fetched 50 transactions from block 22922691
Fetching latest transactions from Etherscan...
✅ Fetched 50 transactions from block 22922700
Fetching network stats from Kiln API...
Fetching latest transactions from Etherscan...
✅ Fetched 50 transactions from block 22922709
Fetching validators from Kiln API...
Fetching latest transactions from Etherscan...
✅ Fetched 50 transactions from block 22922715
Fetching latest transactions from Etherscan...
✅ Fetched 50 transactions from block 22922723
Fetching network stats from Kiln API...
Fetching latest transactions from Etherscan...
✅ Fetched 50 transactions from block 22922730
Fetching latest transactions from Etherscan...
✅ Fetched 50 transactions from block 22922737
Fetching validators from Kiln API...
Fetching latest transactions from Etherscan...
✅ Fetched 50 transactions from block 22922744
Fetching latest transactions from Etherscan...
✅ Fetched 50 transactions from block 22922750
Fetching network stats from Kiln API...
Fetching latest transactions from Etherscan...
✅ Fetched 50 transactions from block 22922759
Fetching latest transactions from Etherscan...
✅ Fetched 50 transactions from block 22922765
Fetching validators from Kiln API...
Fetching latest transactions from Etherscan...
✅ Fetched 50 transactions from block 22922779
Fetching network stats from Kiln API...
Fetching latest transactions from Etherscan...
✅ Fetched 50 transactions from block 22922789
Fetching latest transactions from Etherscan...
✅ Fetched 50 transactions from block 22922777
Fetching validators from Kiln API...
Fetching latest transactions from Etherscan...
✅ Fetched 50 transactions from block 22922804
Fetching latest transactions from Etherscan...
✅ Fetched 50 transactions from block 22922814
Fetching network stats from Kiln API...
Fetching latest transactions from Etherscan...
✅ Fetched 50 transactions from block 22922824
Fetching validators from Kiln API...
Fetching latest transactions from Etherscan...
✅ Fetched 50 transactions from block 22922830
Fetching latest transactions from Etherscan...
✅ Fetched 50 transactions from block 22922839
Fetching network stats from Kiln API...
Fetching latest transactions from Etherscan...
✅ Fetched 50 transactions from block 22922849
Fetching validators from Kiln API...
Fetching latest transactions from Etherscan...
✅ Fetched 50 transactions from block 22922856
Fetching latest transactions from Etherscan...
✅ Fetched 50 transactions from block 22922865
Fetching network stats from Kiln API...
Fetching latest transactions from Etherscan...
✅ Fetched 50 transactions from block 22922873
Fetching latest transactions from Etherscan...
✅ Fetched 50 transactions from block 22922878
Fetching validators from Kiln API...
Fetching latest transactions from Etherscan...
✅ Fetched 50 transactions from block 22922883
Fetching latest transactions from Etherscan...
✅ Fetched 50 transactions from block 22922892
Fetching network stats from Kiln API...
Fetching latest transactions from Etherscan...
✅ Fetched 50 transactions from block 22922892
Fetching network stats from Kiln API...
Fetching validators from Kiln API...
Fetching latest transactions from Etherscan...
✅ Fetched 50 transactions from block 22922986
Fetching network stats from Kiln API...
Fetching validators from Kiln API...
Fetching latest transactions from Etherscan...
✅ Fetched 50 transactions from block 22923147
Fetching latest transactions from Etherscan...
✅ Fetched 50 transactions from block 22923152
Fetching network stats from Kiln API...
Fetching validators from Kiln API...
Fetching latest transactions from Etherscan...
Fetching latest transactions from Etherscan...
✅ Fetched 50 transactions from block 22923263
✅ Fetched 50 transactions from block 22923259
Fetching network stats from Kiln API...
Fetching validators from Kiln API...
Fetching latest transactions from Etherscan...
✅ Fetched 50 transactions from block 22923355
Fetching latest transactions from Etherscan...
✅ Fetched 50 transactions from block 22923363
Fetching latest transactions from Etherscan...
✅ Fetched 50 transactions from block 22923370
Fetching latest transactions from Etherscan...
✅ Fetched 50 transactions from block 22923380
Fetching network stats from Kiln API...
Fetching validators from Kiln API...
Fetching latest transactions from Etherscan...
✅ Fetched 50 transactions from block 22923386
Fetching latest transactions from Etherscan...
✅ Fetched 50 transactions from block 22923395
Fetching latest transactions from Etherscan...
✅ Fetched 50 transactions from block 22923405
Fetching network stats from Kiln API...
Fetching validators from Kiln API...
Fetching latest transactions from Etherscan...
✅ Fetched 50 transactions from block 22923411
Fetching latest transactions from Etherscan...
✅ Fetched 50 transactions from block 22923420
Fetching latest transactions from Etherscan...
✅ Fetched 50 transactions from block 22923429
Fetching network stats from Kiln API...
Fetching validators from Kiln API...
Fetching latest transactions from Etherscan...
✅ Fetched 50 transactions from block 22923439
Fetching latest transactions from Etherscan...
✅ Fetched 50 transactions from block 22923421
Fetching latest transactions from Etherscan...
✅ Fetched 50 transactions from block 22923455
Fetching validators from Kiln API...
Fetching latest transactions from Etherscan...
✅ Fetched 50 transactions from block 22923437
Fetching network stats from Kiln API...
Fetching latest transactions from Etherscan...
✅ Fetched 50 transactions from block 22923474
Fetching latest transactions from Etherscan...
✅ Fetched 50 transactions from block 22923479
Fetching latest transactions from Etherscan...
✅ Fetched 50 transactions from block 22923489
Fetching validators from Kiln API...
Fetching network stats from Kiln API...
Fetching latest transactions from Etherscan...
✅ Fetched 50 transactions from block 22923499
Fetching latest transactions from Etherscan...
✅ Fetched 50 transactions from block 22923509
Fetching validators from Kiln API...
Fetching latest transactions from Etherscan...
✅ Fetched 50 transactions from block 22923519
Fetching network stats from Kiln API...
Fetching latest transactions from Etherscan...
✅ Fetched 50 transactions from block 22923525
Fetching latest transactions from Etherscan...
✅ Fetched 50 transactions from block 22923521
Fetching validators from Kiln API...
Fetching latest transactions from Etherscan...
✅ Fetched 50 transactions from block 22923544
Fetching network stats from Kiln API...
Fetching latest transactions from Etherscan...
✅ Fetched 50 transactions from block 22923554
Fetching latest transactions from Etherscan...
✅ Fetched 50 transactions from block 22923540
Fetching latest transactions from Etherscan...
✅ Fetched 50 transactions from block 22923569
Fetching validators from Kiln API...
Fetching latest transactions from Etherscan...
✅ Fetched 50 transactions from block 22923578
Fetching network stats from Kiln API...
Fetching latest transactions from Etherscan...
✅ Fetched 50 transactions from block 22923585
Fetching latest transactions from Etherscan...
✅ Fetched 50 transactions from block 22923594
Fetching validators from Kiln API...
Fetching latest transactions from Etherscan...
✅ Fetched 50 transactions from block 22923604
Fetching network stats from Kiln API...
Fetching latest transactions from Etherscan...
✅ Fetched 50 transactions from block 22923613
Fetching latest transactions from Etherscan...
✅ Fetched 50 transactions from block 22923624
Fetching validators from Kiln API...
Fetching latest transactions from Etherscan...
✅ Fetched 50 transactions from block 22923630
Fetching latest transactions from Etherscan...
✅ Fetched 50 transactions from block 22923639
Fetching network stats from Kiln API...
Fetching latest transactions from Etherscan...
✅ Fetched 50 transactions from block 22923649
Fetching validators from Kiln API...
Fetching latest transactions from Etherscan...
✅ Fetched 50 transactions from block 22923647
Fetching network stats from Kiln API...
Fetching validators from Kiln API...
Fetching latest transactions from Etherscan...
✅ Fetched 50 transactions from block 22923749
Fetching latest transactions from Etherscan...
✅ Fetched 50 transactions from block 22923759
Fetching latest transactions from Etherscan...
✅ Fetched 50 transactions from block 22923769
Fetching network stats from Kiln API...
Fetching validators from Kiln API...
Fetching latest transactions from Etherscan...
✅ Fetched 50 transactions from block 22923779
Fetching latest transactions from Etherscan...
✅ Fetched 50 transactions from block 22923785
Fetching latest transactions from Etherscan...
✅ Fetched 50 transactions from block 22923794
Fetching latest transactions from Etherscan...
✅ Fetched 50 transactions from block 22923804
Fetching network stats from Kiln API...
Fetching validators from Kiln API...
Fetching latest transactions from Etherscan...
✅ Fetched 50 transactions from block 22923809
Fetching latest transactions from Etherscan...
✅ Fetched 50 transactions from block 22923819
Fetching latest transactions from Etherscan...
✅ Fetched 50 transactions from block 22923830
Fetching validators from Kiln API...
Fetching network stats from Kiln API...
Fetching latest transactions from Etherscan...
✅ Fetched 50 transactions from block 22923839
Fetching validators from Kiln API...
Fetching latest transactions from Etherscan...
✅ Fetched 50 transactions from block 22924397
Fetching network stats from Kiln API...
Fetching latest transactions from Etherscan...
✅ Fetched 50 transactions from block 22924450
Fetching latest transactions from Etherscan...
✅ Fetched 50 transactions from block 22924460
Fetching validators from Kiln API...
Fetching latest transactions from Etherscan...
✅ Fetched 50 transactions from block 22924470
Fetching network stats from Kiln API...
Fetching latest transactions from Etherscan...
✅ Fetched 50 transactions from block 22924480
Fetching latest transactions from Etherscan...
✅ Fetched 50 transactions from block 22924487
Fetching latest transactions from Etherscan...
✅ Fetched 50 transactions from block 22924495
Fetching validators from Kiln API...
Fetching network stats from Kiln API...
Fetching latest transactions from Etherscan...
✅ Fetched 50 transactions from block 22924505
Fetching latest transactions from Etherscan...
✅ Fetched 50 transactions from block 22924515
Fetching latest transactions from Etherscan...
✅ Fetched 50 transactions from block 22924521
Fetching validators from Kiln API...
Fetching network stats from Kiln API...
Fetching latest transactions from Etherscan...
✅ Fetched 50 transactions from block 22924529
Fetching latest transactions from Etherscan...
✅ Fetched 50 transactions from block 22924540
Fetching latest transactions from Etherscan...
✅ Fetched 50 transactions from block 22924549
Fetching validators from Kiln API...
Fetching network stats from Kiln API...
Fetching latest transactions from Etherscan...
✅ Fetched 50 transactions from block 22924556
Fetching latest transactions from Etherscan...
✅ Fetched 50 transactions from block 22924565
Fetching latest transactions from Etherscan...
✅ Fetched 50 transactions from block 22924575
Fetching network stats from Kiln API...
Fetching validators from Kiln API...
Fetching latest transactions from Etherscan...
✅ Fetched 50 transactions from block 22924580
Fetching latest transactions from Etherscan...
✅ Fetched 50 transactions from block 22924590
Fetching latest transactions from Etherscan...
✅ Fetched 50 transactions from block 22924599
Fetching latest transactions from Etherscan...
✅ Fetched 50 transactions from block 22924609
Fetching network stats from Kiln API...
Fetching validators from Kiln API...
Fetching latest transactions from Etherscan...
✅ Fetched 50 transactions from block 22924619
Fetching latest transactions from Etherscan...
✅ Fetched 50 transactions from block 22924626
Fetching latest transactions from Etherscan...
✅ Fetched 50 transactions from block 22924634
Fetching network stats from Kiln API...
Fetching validators from Kiln API...
Fetching latest transactions from Etherscan...
✅ Fetched 50 transactions from block 22924644
Fetching latest transactions from Etherscan...
✅ Fetched 50 transactions from block 22924654
Fetching latest transactions from Etherscan...
✅ Fetched 50 transactions from block 22924632
Fetching network stats from Kiln API...
Fetching validators from Kiln API...
Fetching latest transactions from Etherscan...
✅ Fetched 50 transactions from block 22924668
Fetching latest transactions from Etherscan...
✅ Fetched 50 transactions from block 22924679
Fetching latest transactions from Etherscan...
✅ Fetched 50 transactions from block 22924644
Fetching network stats from Kiln API...
Fetching validators from Kiln API...
Fetching latest transactions from Etherscan...
✅ Fetched 50 transactions from block 22924699
Fetching latest transactions from Etherscan...
✅ Fetched 50 transactions from block 22924706
Fetching latest transactions from Etherscan...
✅ Fetched 50 transactions from block 22924713
Fetching network stats from Kiln API...
Fetching validators from Kiln API...
Fetching latest transactions from Etherscan...
✅ Fetched 50 transactions from block 22924696
Fetching latest transactions from Etherscan...
✅ Fetched 50 transactions from block 22924729
Fetching latest transactions from Etherscan...
✅ Fetched 50 transactions from block 22924738
Fetching validators from Kiln API...
Fetching latest transactions from Etherscan...
✅ Fetched 50 transactions from block 22924700
Fetching network stats from Kiln API...
Fetching latest transactions from Etherscan...
✅ Fetched 50 transactions from block 22924758
Fetching latest transactions from Etherscan...
✅ Fetched 50 transactions from block 22924764
Fetching network stats from Kiln API...
Fetching validators from Kiln API...
Fetching latest transactions from Etherscan...
✅ Fetched 50 transactions from block 22924797
Fetching latest transactions from Etherscan...
✅ Fetched 50 transactions from block 22924779
Fetching latest transactions from Etherscan...
✅ Fetched 50 transactions from block 22924817
Fetching network stats from Kiln API...
Fetching validators from Kiln API...
Fetching latest transactions from Etherscan...
✅ Fetched 50 transactions from block 22924847
Fetching network stats from Kiln API...
Fetching validators from Kiln API...
Fetching latest transactions from Etherscan...
✅ Fetched 50 transactions from block 22924876
Fetching network stats from Kiln API...
Fetching validators from Kiln API...
Fetching latest transactions from Etherscan...
✅ Fetched 50 transactions from block 22924906
Fetching network stats from Kiln API...
Fetching validators from Kiln API...
Fetching latest transactions from Etherscan...
✅ Fetched 50 transactions from block 22924935
Fetching network stats from Kiln API...
Fetching validators from Kiln API...
Fetching latest transactions from Etherscan...
✅ Fetched 50 transactions from block 22924965
Fetching network stats from Kiln API...
Fetching validators from Kiln API...
Fetching latest transactions from Etherscan...
✅ Fetched 50 transactions from block 22924994
Fetching latest transactions from Etherscan...
✅ Fetched 50 transactions from block 22925005
Fetching latest transactions from Etherscan...
✅ Fetched 50 transactions from block 22925015
Fetching network stats from Kiln API...
Fetching validators from Kiln API...
Fetching latest transactions from Etherscan...
✅ Fetched 50 transactions from block 22925025
Fetching latest transactions from Etherscan...
✅ Fetched 50 transactions from block 22925033
Fetching latest transactions from Etherscan...
✅ Fetched 50 transactions from block 22925039
Fetching latest transactions from Etherscan...
✅ Fetched 50 transactions from block 22925047
Fetching network stats from Kiln API...
Fetching validators from Kiln API...
Fetching latest transactions from Etherscan...
✅ Fetched 50 transactions from block 22925058
Fetching latest transactions from Etherscan...
✅ Fetched 50 transactions from block 22925068
Fetching latest transactions from Etherscan...
✅ Fetched 50 transactions from block 22925074
Fetching network stats from Kiln API...
Fetching validators from Kiln API...
Fetching latest transactions from Etherscan...
✅ Fetched 50 transactions from block 22925082
Fetching latest transactions from Etherscan...
✅ Fetched 50 transactions from block 22925093
Fetching validators from Kiln API...
Fetching latest transactions from Etherscan...
✅ Fetched 50 transactions from block 22925103
Fetching network stats from Kiln API...
Fetching latest transactions from Etherscan...
✅ Fetched 50 transactions from block 22925108
Fetching latest transactions from Etherscan...
✅ Fetched 50 transactions from block 22925118
Fetching latest transactions from Etherscan...
✅ Fetched 50 transactions from block 22925123
Fetching validators from Kiln API...
Fetching latest transactions from Etherscan...
✅ Fetched 50 transactions from block 22925132
Fetching network stats from Kiln API...
Fetching latest transactions from Etherscan...
✅ Fetched 50 transactions from block 22925139
Fetching latest transactions from Etherscan...
✅ Fetched 50 transactions from block 22925148
Fetching validators from Kiln API...
Fetching latest transactions from Etherscan...
✅ Fetched 50 transactions from block 22925155
Fetching latest transactions from Etherscan...
✅ Fetched 50 transactions from block 22925163
Fetching network stats from Kiln API...
Fetching latest transactions from Etherscan...
✅ Fetched 50 transactions from block 22925173
Fetching latest transactions from Etherscan...
✅ Fetched 50 transactions from block 22925178
Fetching validators from Kiln API...
Fetching latest transactions from Etherscan...
✅ Fetched 50 transactions from block 22925188
Fetching network stats from Kiln API...
Fetching latest transactions from Etherscan...
✅ Fetched 38 transactions from block 22925196
Fetching latest transactions from Etherscan...
✅ Fetched 50 transactions from block 22925203
Fetching validators from Kiln API...
Fetching latest transactions from Etherscan...
✅ Fetched 50 transactions from block 22925211
Fetching network stats from Kiln API...
Fetching latest transactions from Etherscan...
✅ Fetched 50 transactions from block 22925222
Fetching latest transactions from Etherscan...
✅ Fetched 50 transactions from block 22925231
Fetching validators from Kiln API...
Fetching latest transactions from Etherscan...
✅ Fetched 50 transactions from block 22925242
Fetching network stats from Kiln API...
Fetching latest transactions from Etherscan...
✅ Fetched 50 transactions from block 22925248
Fetching latest transactions from Etherscan...
✅ Fetched 50 transactions from block 22925257
Fetching validators from Kiln API...
Fetching latest transactions from Etherscan...
✅ Fetched 50 transactions from block 22925267
Fetching latest transactions from Etherscan...
✅ Fetched 50 transactions from block 22925273
Fetching network stats from Kiln API...
Fetching latest transactions from Etherscan...
✅ Fetched 50 transactions from block 22925282
Fetching latest transactions from Etherscan...
✅ Fetched 50 transactions from block 22925291
Fetching validators from Kiln API...
Fetching latest transactions from Etherscan...
✅ Fetched 50 transactions from block 22925302
Fetching network stats from Kiln API...
Fetching latest transactions from Etherscan...
✅ Fetched 32 transactions from block 22925311
Fetching network stats from Kiln API...
Fetching validators from Kiln API...
Fetching latest transactions from Etherscan...
✅ Fetched 50 transactions from block 22925341
Fetching latest transactions from Etherscan...
✅ Fetched 50 transactions from block 22925351
Fetching network stats from Kiln API...
Fetching validators from Kiln API...
Fetching latest transactions from Etherscan...
✅ Fetched 50 transactions from block 22925381
Fetching network stats from Kiln API...
Fetching validators from Kiln API...
Fetching latest transactions from Etherscan...
✅ Fetched 50 transactions from block 22925410
Fetching network stats from Kiln API...
Fetching validators from Kiln API...
Fetching latest transactions from Etherscan...
✅ Fetched 50 transactions from block 22925440
Fetching network stats from Kiln API...
Fetching validators from Kiln API...
Fetching latest transactions from Etherscan...
✅ Fetched 50 transactions from block 22925494
Fetching network stats from Kiln API...
Fetching validators from Kiln API...
Fetching latest transactions from Etherscan...
✅ Fetched 50 transactions from block 22925524
Fetching latest transactions from Etherscan...
✅ Fetched 50 transactions from block 22925534
Fetching latest transactions from Etherscan...
✅ Fetched 50 transactions from block 22925542
Fetching network stats from Kiln API...
Fetching validators from Kiln API...
Fetching latest transactions from Etherscan...
✅ Fetched 50 transactions from block 22925548
Fetching latest transactions from Etherscan...
✅ Fetched 50 transactions from block 22925558
Fetching latest transactions from Etherscan...
✅ Fetched 50 transactions from block 22925567
Fetching network stats from Kiln API...
Fetching validators from Kiln API...
Fetching latest transactions from Etherscan...
✅ Fetched 50 transactions from block 22925578
Fetching latest transactions from Etherscan...
✅ Fetched 50 transactions from block 22925587
Fetching latest transactions from Etherscan...
✅ Fetched 50 transactions from block 22925593
Fetching latest transactions from Etherscan...
✅ Fetched 50 transactions from block 22925603
Fetching network stats from Kiln API...
Fetching validators from Kiln API...
Fetching latest transactions from Etherscan...
✅ Fetched 50 transactions from block 22925613
Fetching latest transactions from Etherscan...
✅ Fetched 50 transactions from block 22925618
Fetching latest transactions from Etherscan...
✅ Fetched 50 transactions from block 22925627
Fetching network stats from Kiln API...
Fetching validators from Kiln API...
Fetching latest transactions from Etherscan...
✅ Fetched 50 transactions from block 22925637
Fetching latest transactions from Etherscan...
✅ Fetched 50 transactions from block 22925647
Fetching latest transactions from Etherscan...
✅ Fetched 50 transactions from block 22925653
Fetching network stats from Kiln API...
Fetching validators from Kiln API...
Fetching latest transactions from Etherscan...
✅ Fetched 50 transactions from block 22925662
Fetching latest transactions from Etherscan...
✅ Fetched 50 transactions from block 22925673
Fetching latest transactions from Etherscan...
✅ Fetched 50 transactions from block 22925683
Fetching network stats from Kiln API...
Fetching validators from Kiln API...
Fetching latest transactions from Etherscan...
✅ Fetched 50 transactions from block 22925693
Fetching latest transactions from Etherscan...
✅ Fetched 50 transactions from block 22925699
Fetching latest transactions from Etherscan...
✅ Fetched 50 transactions from block 22925708
Fetching latest transactions from Etherscan...
✅ Fetched 50 transactions from block 22925718
Fetching network stats from Kiln API...
Fetching validators from Kiln API...
Fetching latest transactions from Etherscan...
✅ Fetched 50 transactions from block 22925727
Fetching latest transactions from Etherscan...
✅ Fetched 50 transactions from block 22925732
Fetching latest transactions from Etherscan...
✅ Fetched 50 transactions from block 22925741
Fetching network stats from Kiln API...
Fetching validators from Kiln API...
Fetching latest transactions from Etherscan...
✅ Fetched 50 transactions from block 22925747
Fetching latest transactions from Etherscan...
✅ Fetched 50 transactions from block 22925756
Fetching latest transactions from Etherscan...
✅ Fetched 50 transactions from block 22925761
Fetching latest transactions from Etherscan...
✅ Fetched 50 transactions from block 22925767
Fetching network stats from Kiln API...
Fetching validators from Kiln API...
Fetching latest transactions from Etherscan...
✅ Fetched 50 transactions from block 22925777
Fetching latest transactions from Etherscan...
✅ Fetched 50 transactions from block 22925786
Fetching latest transactions from Etherscan...
✅ Fetched 50 transactions from block 22925797
Fetching network stats from Kiln API...
Fetching validators from Kiln API...
Fetching latest transactions from Etherscan...
✅ Fetched 50 transactions from block 22925803
Fetching latest transactions from Etherscan...
✅ Fetched 50 transactions from block 22925811
Fetching latest transactions from Etherscan...
✅ Fetched 50 transactions from block 22925821
Fetching latest transactions from Etherscan...
✅ Fetched 50 transactions from block 22925827
Fetching network stats from Kiln API...
Fetching validators from Kiln API...
Fetching latest transactions from Etherscan...
✅ Fetched 50 transactions from block 22925837
Fetching latest transactions from Etherscan...
✅ Fetched 50 transactions from block 22925847
Fetching latest transactions from Etherscan...
✅ Fetched 50 transactions from block 22925857
Fetching network stats from Kiln API...
Fetching validators from Kiln API...
Fetching latest transactions from Etherscan...
✅ Fetched 50 transactions from block 22925867
Fetching latest transactions from Etherscan...
✅ Fetched 50 transactions from block 22925872
Fetching latest transactions from Etherscan...
✅ Fetched 50 transactions from block 22925882
Fetching network stats from Kiln API...
Fetching validators from Kiln API...
Fetching network stats from Kiln API...
Fetching validators from Kiln API...
Fetching latest transactions from Etherscan...
✅ Fetched 50 transactions from block 22925972
Fetching latest transactions from Etherscan...
✅ Fetched 50 transactions from block 22925982
Fetching latest transactions from Etherscan...
✅ Fetched 50 transactions from block 22925988
Fetching latest transactions from Etherscan...
✅ Fetched 50 transactions from block 22925989
Fetching network stats from Kiln API...
Fetching validators from Kiln API...
Fetching latest transactions from Etherscan...
✅ Fetched 50 transactions from block 22926007
Fetching latest transactions from Etherscan...
✅ Fetched 50 transactions from block 22926012
Fetching latest transactions from Etherscan...
✅ Fetched 50 transactions from block 22926021
Fetching network stats from Kiln API...
Fetching validators from Kiln API...
Fetching latest transactions from Etherscan...
✅ Fetched 50 transactions from block 22926026
Fetching latest transactions from Etherscan...
✅ Fetched 50 transactions from block 22926033
Fetching latest transactions from Etherscan...
✅ Fetched 50 transactions from block 22926041
Fetching latest transactions from Etherscan...
✅ Fetched 50 transactions from block 22926051
Fetching network stats from Kiln API...
Fetching validators from Kiln API...
Fetching latest transactions from Etherscan...
✅ Fetched 50 transactions from block 22926057
Fetching latest transactions from Etherscan...
✅ Fetched 50 transactions from block 22926066
Fetching latest transactions from Etherscan...
✅ Fetched 50 transactions from block 22926076
Fetching network stats from Kiln API...
Fetching validators from Kiln API...
Fetching latest transactions from Etherscan...
✅ Fetched 40 transactions from block 22926081
Fetching latest transactions from Etherscan...
✅ Fetched 50 transactions from block 22926091
Fetching latest transactions from Etherscan...
✅ Fetched 50 transactions from block 22926100
Fetching network stats from Kiln API...
Fetching validators from Kiln API...
Fetching latest transactions from Etherscan...
✅ Fetched 50 transactions from block 22926110
Fetching latest transactions from Etherscan...
✅ Fetched 50 transactions from block 22926120
Fetching latest transactions from Etherscan...
✅ Fetched 50 transactions from block 22926126
Fetching latest transactions from Etherscan...
✅ Fetched 50 transactions from block 22926135
Fetching network stats from Kiln API...
Fetching validators from Kiln API...
Fetching latest transactions from Etherscan...
✅ Fetched 50 transactions from block 22926144
Fetching latest transactions from Etherscan...
✅ Fetched 50 transactions from block 22926150
Fetching latest transactions from Etherscan...
✅ Fetched 50 transactions from block 22926160
Fetching network stats from Kiln API...
Fetching validators from Kiln API...
Fetching latest transactions from Etherscan...
✅ Fetched 50 transactions from block 22926170
Fetching latest transactions from Etherscan...
✅ Fetched 50 transactions from block 22926180
Fetching latest transactions from Etherscan...
✅ Fetched 50 transactions from block 22926185
Fetching network stats from Kiln API...
Fetching validators from Kiln API...
Fetching latest transactions from Etherscan...
✅ Fetched 50 transactions from block 22926195
Fetching latest transactions from Etherscan...
✅ Fetched 50 transactions from block 22926205
Fetching latest transactions from Etherscan...
✅ Fetched 50 transactions from block 22926215
Fetching network stats from Kiln API...
Fetching validators from Kiln API...
Fetching latest transactions from Etherscan...
✅ Fetched 50 transactions from block 22926224
Fetching latest transactions from Etherscan...
✅ Fetched 50 transactions from block 22926231
Fetching latest transactions from Etherscan...
✅ Fetched 50 transactions from block 22926240
Fetching latest transactions from Etherscan...
✅ Fetched 50 transactions from block 22926250
Fetching network stats from Kiln API...
Fetching validators from Kiln API...
Fetching latest transactions from Etherscan...
✅ Fetched 50 transactions from block 22926260
Fetching latest transactions from Etherscan...
✅ Fetched 50 transactions from block 22926266
Fetching network stats from Kiln API...
Fetching validators from Kiln API...
Fetching latest transactions from Etherscan...
✅ Fetched 50 transactions from block 22926362
Fetching latest transactions from Etherscan...
✅ Fetched 50 transactions from block 22926372
Fetching latest transactions from Etherscan...
✅ Fetched 50 transactions from block 22926378
Fetching latest transactions from Etherscan...
✅ Fetched 50 transactions from block 22926387
Fetching network stats from Kiln API...
Fetching validators from Kiln API...
Fetching latest transactions from Etherscan...
✅ Fetched 50 transactions from block 22926397
Fetching latest transactions from Etherscan...
✅ Fetched 49 transactions from block 22926407
Fetching network stats from Kiln API...
Fetching validators from Kiln API...
Fetching latest transactions from Etherscan...
✅ Fetched 50 transactions from block 22926417
Fetching latest transactions from Etherscan...
✅ Fetched 50 transactions from block 22926423
Fetching latest transactions from Etherscan...
✅ Fetched 50 transactions from block 22926432
Fetching latest transactions from Etherscan...
✅ Fetched 50 transactions from block 22926442
Fetching network stats from Kiln API...
Fetching validators from Kiln API...
Fetching latest transactions from Etherscan...
✅ Fetched 50 transactions from block 22926448
Fetching latest transactions from Etherscan...
✅ Fetched 50 transactions from block 22926457
Fetching latest transactions from Etherscan...
✅ Fetched 50 transactions from block 22926467
Fetching network stats from Kiln API...
Fetching validators from Kiln API...
Fetching latest transactions from Etherscan...
✅ Fetched 50 transactions from block 22926477
Fetching latest transactions from Etherscan...
✅ Fetched 50 transactions from block 22926487
Fetching latest transactions from Etherscan...
✅ Fetched 50 transactions from block 22926493
Fetching validators from Kiln API...
Fetching latest transactions from Etherscan...
✅ Fetched 50 transactions from block 22926502
Fetching network stats from Kiln API...
Fetching latest transactions from Etherscan...
✅ Fetched 50 transactions from block 22926512
Fetching latest transactions from Etherscan...
✅ Fetched 50 transactions from block 22926522
Fetching validators from Kiln API...
Fetching latest transactions from Etherscan...
✅ Fetched 50 transactions from block 22926529
Fetching network stats from Kiln API...
Fetching latest transactions from Etherscan...
✅ Fetched 50 transactions from block 22926537
Fetching latest transactions from Etherscan...
✅ Fetched 50 transactions from block 22926547
Fetching validators from Kiln API...
Fetching latest transactions from Etherscan...
✅ Fetched 50 transactions from block 22926557
Fetching network stats from Kiln API...
Fetching latest transactions from Etherscan...
✅ Fetched 50 transactions from block 22926563
Fetching latest transactions from Etherscan...
✅ Fetched 50 transactions from block 22926572
Fetching latest transactions from Etherscan...
✅ Fetched 50 transactions from block 22926582
Fetching validators from Kiln API...
Fetching network stats from Kiln API...
Fetching validators from Kiln API...
Fetching latest transactions from Etherscan...
✅ Fetched 50 transactions from block 22926680
Fetching latest transactions from Etherscan...
✅ Fetched 50 transactions from block 22926686
Fetching latest transactions from Etherscan...
✅ Fetched 50 transactions from block 22926695
Fetching latest transactions from Etherscan...
✅ Fetched 50 transactions from block 22926705
Fetching network stats from Kiln API...
Fetching network stats from Kiln API...
Fetching validators from Kiln API...
Fetching latest transactions from Etherscan...
✅ Fetched 50 transactions from block 22926710
Fetching latest transactions from Etherscan...
✅ Fetched 50 transactions from block 22926720
Fetching latest transactions from Etherscan...
✅ Fetched 50 transactions from block 22926730
Fetching network stats from Kiln API...
Fetching validators from Kiln API...
Fetching latest transactions from Etherscan...
✅ Fetched 50 transactions from block 22926740
Fetching latest transactions from Etherscan...
✅ Fetched 50 transactions from block 22926745
Fetching latest transactions from Etherscan...
✅ Fetched 50 transactions from block 22926750
Fetching latest transactions from Etherscan...
✅ Fetched 50 transactions from block 22926765
Fetching network stats from Kiln API...
Fetching validators from Kiln API...
Fetching latest transactions from Etherscan...
✅ Fetched 50 transactions from block 22926775
Fetching latest transactions from Etherscan...
✅ Fetched 50 transactions from block 22926785
Fetching latest transactions from Etherscan...
✅ Fetched 50 transactions from block 22926791
Fetching network stats from Kiln API...
Fetching validators from Kiln API...
Fetching latest transactions from Etherscan...
✅ Fetched 50 transactions from block 22926800
Fetching latest transactions from Etherscan...
✅ Fetched 50 transactions from block 22926810
Fetching latest transactions from Etherscan...
✅ Fetched 50 transactions from block 22926815
Fetching network stats from Kiln API...
Fetching validators from Kiln API...
Fetching latest transactions from Etherscan...
✅ Fetched 50 transactions from block 22926825
Fetching latest transactions from Etherscan...
✅ Fetched 50 transactions from block 22926835
Fetching latest transactions from Etherscan...
✅ Fetched 50 transactions from block 22926845
Fetching validators from Kiln API...
Fetching network stats from Kiln API...
Fetching latest transactions from Etherscan...
✅ Fetched 50 transactions from block 22926855
Fetching latest transactions from Etherscan...
✅ Fetched 50 transactions from block 22926861
Fetching latest transactions from Etherscan...
✅ Fetched 33 transactions from block 22926870
Fetching validators from Kiln API...
Fetching latest transactions from Etherscan...
✅ Fetched 50 transactions from block 22926880
Fetching network stats from Kiln API...
Fetching latest transactions from Etherscan...
✅ Fetched 50 transactions from block 22926890
Fetching latest transactions from Etherscan...
✅ Fetched 50 transactions from block 22926896
Fetching latest transactions from Etherscan...
✅ Fetched 50 transactions from block 22926905
Fetching validators from Kiln API...
Fetching network stats from Kiln API...
Fetching latest transactions from Etherscan...
✅ Fetched 50 transactions from block 22926915
Fetching latest transactions from Etherscan...
✅ Fetched 50 transactions from block 22926925
Fetching latest transactions from Etherscan...
✅ Fetched 50 transactions from block 22926930
Fetching validators from Kiln API...
Fetching latest transactions from Etherscan...
✅ Fetched 50 transactions from block 22926939
Fetching network stats from Kiln API...
Fetching latest transactions from Etherscan...
✅ Fetched 50 transactions from block 22926949
Fetching latest transactions from Etherscan...
✅ Fetched 50 transactions from block 22926959
Fetching validators from Kiln API...
Fetching latest transactions from Etherscan...
✅ Fetched 50 transactions from block 22926965
Fetching network stats from Kiln API...
Fetching latest transactions from Etherscan...
✅ Fetched 50 transactions from block 22926974
Fetching network stats from Kiln API...
Fetching validators from Kiln API...
Fetching latest transactions from Etherscan...
✅ Fetched 50 transactions from block 22927013
Fetching network stats from Kiln API...
Fetching validators from Kiln API...
Fetching latest transactions from Etherscan...
Error fetching transactions: read ECONNRESET
Fetching network stats from Kiln API...
Fetching validators from Kiln API...
Fetching latest transactions from Etherscan...
Fetching network stats from Kiln API...
Error fetching transactions: read ECONNRESET
Fetching validators from Kiln API...
Fetching latest transactions from Etherscan...
✅ Fetched 50 transactions from block 22928194
Fetching network stats from Kiln API...
Fetching validators from Kiln API...
Fetching latest transactions from Etherscan...
✅ Fetched 50 transactions from block 22928373
Fetching network stats from Kiln API...
Fetching validators from Kiln API...
Fetching latest transactions from Etherscan...
✅ Fetched 50 transactions from block 22929823
Fetching latest transactions from Etherscan...
✅ Fetched 50 transactions from block 22929828
Fetching latest transactions from Etherscan...
✅ Fetched 50 transactions from block 22929834
Fetching latest transactions from Etherscan...
✅ Fetched 50 transactions from block 22929841
Fetching network stats from Kiln API...
Fetching validators from Kiln API...
Fetching latest transactions from Etherscan...
✅ Fetched 50 transactions from block 22929849
Fetching latest transactions from Etherscan...
✅ Fetched 50 transactions from block 22929858
Fetching latest transactions from Etherscan...
✅ Fetched 50 transactions from block 22929869
Fetching network stats from Kiln API...
Fetching validators from Kiln API...
Fetching latest transactions from Etherscan...
✅ Fetched 50 transactions from block 22929879
Fetching network stats from Kiln API...
Fetching validators from Kiln API...
Fetching latest transactions from Etherscan...
✅ Fetched 50 transactions from block 22930017
Fetching network stats from Kiln API...
Fetching validators from Kiln API...
Fetching latest transactions from Etherscan...
✅ Fetched 50 transactions from block 22930208
Fetching network stats from Kiln API...
Fetching validators from Kiln API...
Fetching latest transactions from Etherscan...
✅ Fetched 50 transactions from block 22930310
Fetching network stats from Kiln API...
Fetching validators from Kiln API...
Fetching latest transactions from Etherscan...
Fetching network stats from Kiln API...
Fetching validators from Kiln API...
Error fetching transactions: read ECONNRESET
Fetching latest transactions from Etherscan...
✅ Fetched 50 transactions from block 22931144
Fetching network stats from Kiln API...
Fetching validators from Kiln API...
Fetching latest transactions from Etherscan...
✅ Fetched 50 transactions from block 22931795
Fetching network stats from Kiln API...
Fetching validators from Kiln API...
Fetching latest transactions from Etherscan...
✅ Fetched 50 transactions from block 22932233
Fetching network stats from Kiln API...
Fetching validators from Kiln API...
Fetching latest transactions from Etherscan...
✅ Fetched 50 transactions from block 22932855
Fetching network stats from Kiln API...
Fetching validators from Kiln API...
Fetching latest transactions from Etherscan...
✅ Fetched 50 transactions from block 22932975
Fetching network stats from Kiln API...
Fetching validators from Kiln API...
Fetching latest transactions from Etherscan...
✅ Fetched 50 transactions from block 22933095
Fetching network stats from Kiln API...
Fetching validators from Kiln API...
Fetching latest transactions from Etherscan...
✅ Fetched 50 transactions from block 22933369
Fetching network stats from Kiln API...
Fetching validators from Kiln API...
Fetching latest transactions from Etherscan...
✅ Fetched 50 transactions from block 22933429
Fetching network stats from Kiln API...
Fetching validators from Kiln API...
Error fetching validators: getaddrinfo ENOTFOUND api.kiln.fi
Fetching network stats from Kiln API...
Fetching validators from Kiln API...
Error fetching validators: getaddrinfo ENOTFOUND api.kiln.fi
Fetching validators from Kiln API...
Error fetching validators: getaddrinfo ENOTFOUND api.kiln.fi
Fetching network stats from Kiln API...
Fetching validators from Kiln API...
Error fetching validators: getaddrinfo ENOTFOUND api.kiln.fi
Fetching validators from Kiln API...
Fetching latest transactions from Etherscan...
✅ Fetched 50 transactions from block 22941013
Fetching latest transactions from Etherscan...
✅ Fetched 50 transactions from block 22941020
Fetching latest transactions from Etherscan...
✅ Fetched 50 transactions from block 22941027
Fetching network stats from Kiln API...
Fetching latest transactions from Etherscan...
✅ Fetched 50 transactions from block 22941035
Fetching validators from Kiln API...
Fetching latest transactions from Etherscan...
✅ Fetched 50 transactions from block 22941040
Fetching latest transactions from Etherscan...
✅ Fetched 50 transactions from block 22941047
Fetching latest transactions from Etherscan...
✅ Fetched 50 transactions from block 22941055
Fetching network stats from Kiln API...
Fetching latest transactions from Etherscan...
✅ Fetched 50 transactions from block 22941063
Fetching validators from Kiln API...
Fetching latest transactions from Etherscan...
✅ Fetched 50 transactions from block 22941070
Fetching latest transactions from Etherscan...
✅ Fetched 50 transactions from block 22941078
Fetching latest transactions from Etherscan...
✅ Fetched 50 transactions from block 22941085
Fetching network stats from Kiln API...
Fetching latest transactions from Etherscan...
✅ Fetched 50 transactions from block 22941090
Fetching validators from Kiln API...
Fetching latest transactions from Etherscan...
✅ Fetched 50 transactions from block 22941098
Fetching latest transactions from Etherscan...
✅ Fetched 50 transactions from block 22941108
Fetching network stats from Kiln API...
Fetching validators from Kiln API...
Fetching latest transactions from Etherscan...
✅ Fetched 50 transactions from block 22941117
Fetching latest transactions from Etherscan...
✅ Fetched 50 transactions from block 22941127
Fetching latest transactions from Etherscan...
✅ Fetched 50 transactions from block 22941133
Fetching validators from Kiln API...
Fetching latest transactions from Etherscan...
✅ Fetched 50 transactions from block 22941142
Fetching network stats from Kiln API...
Fetching latest transactions from Etherscan...
✅ Fetched 50 transactions from block 22941152
Fetching latest transactions from Etherscan...
✅ Fetched 50 transactions from block 22941162
Fetching validators from Kiln API...
Fetching latest transactions from Etherscan...
✅ Fetched 50 transactions from block 22941168
Fetching network stats from Kiln API...
Fetching latest transactions from Etherscan...
✅ Fetched 50 transactions from block 22941170
Fetching latest transactions from Etherscan...
✅ Fetched 50 transactions from block 22941187
Fetching validators from Kiln API...
Fetching latest transactions from Etherscan...
✅ Fetched 50 transactions from block 22941197
Fetching network stats from Kiln API...
Fetching latest transactions from Etherscan...
✅ Fetched 50 transactions from block 22941202
Fetching latest transactions from Etherscan...
✅ Fetched 50 transactions from block 22941212
Fetching latest transactions from Etherscan...
✅ Fetched 50 transactions from block 22941222
Fetching validators from Kiln API...
Fetching latest transactions from Etherscan...
✅ Fetched 50 transactions from block 22941227
Fetching network stats from Kiln API...
Fetching latest transactions from Etherscan...
Fetching latest transactions from Etherscan...
✅ Fetched 50 transactions from block NaN
✅ Fetched 50 transactions from block 22941236
Fetching latest transactions from Etherscan...
✅ Fetched 50 transactions from block 22941242
Fetching latest transactions from Etherscan...
✅ Fetched 50 transactions from block 22941248
Fetching validators from Kiln API...
Fetching latest transactions from Etherscan...
✅ Fetched 50 transactions from block 22941254
Fetching network stats from Kiln API...
Fetching latest transactions from Etherscan...
✅ Fetched 50 transactions from block 22941262
Fetching latest transactions from Etherscan...
✅ Fetched 50 transactions from block 22941272
Fetching validators from Kiln API...
Fetching latest transactions from Etherscan...
✅ Fetched 50 transactions from block 22941282
Fetching network stats from Kiln API...
Fetching latest transactions from Etherscan...
✅ Fetched 50 transactions from block 22941289
Fetching latest transactions from Etherscan...
✅ Fetched 50 transactions from block 22941297
Fetching latest transactions from Etherscan...
✅ Fetched 50 transactions from block 22941305
Fetching validators from Kiln API...
Fetching latest transactions from Etherscan...
✅ Fetched 50 transactions from block 22941312
Fetching network stats from Kiln API...
Fetching latest transactions from Etherscan...
✅ Fetched 50 transactions from block 22941320
Fetching latest transactions from Etherscan...
✅ Fetched 50 transactions from block 22941326
Fetching validators from Kiln API...
Fetching latest transactions from Etherscan...
✅ Fetched 50 transactions from block 22941334
Fetching latest transactions from Etherscan...
✅ Fetched 50 transactions from block 22941340
Fetching network stats from Kiln API...
Fetching latest transactions from Etherscan...
✅ Fetched 50 transactions from block 22941349
Fetching latest transactions from Etherscan...
✅ Fetched 50 transactions from block 22941356
Fetching validators from Kiln API...
Fetching latest transactions from Etherscan...
✅ Fetched 50 transactions from block 22941364
Fetching latest transactions from Etherscan...
Fetching network stats from Kiln API...
Fetching validators from Kiln API...
Error fetching transactions: 
Fetching latest transactions from Etherscan...
Fetching latest transactions from Etherscan...
Error fetching transactions: getaddrinfo ENOTFOUND api.etherscan.io
Fetching latest transactions from Etherscan...
Error fetching transactions: getaddrinfo ENOTFOUND api.etherscan.io
Error fetching transactions: getaddrinfo ENOTFOUND api.etherscan.io
Fetching latest transactions from Etherscan...
Error fetching transactions: getaddrinfo ENOTFOUND api.etherscan.io
Fetching latest transactions from Etherscan...
Error fetching transactions: getaddrinfo ENOTFOUND api.etherscan.io
Fetching latest transactions from Etherscan...
Fetching latest transactions from Etherscan...
Error fetching transactions: getaddrinfo ENOTFOUND api.etherscan.io
Error fetching transactions: getaddrinfo ENOTFOUND api.etherscan.io
Fetching latest transactions from Etherscan...
Error fetching transactions: getaddrinfo ENOTFOUND api.etherscan.io
Fetching network stats from Kiln API...
Fetching validators from Kiln API...
Error fetching validators: getaddrinfo ENOTFOUND api.kiln.fi
Fetching validators from Kiln API...
Error fetching validators: getaddrinfo ENOTFOUND api.kiln.fi
Fetching validators from Kiln API...
Error fetching validators: getaddrinfo ENOTFOUND api.kiln.fi
Fetching validators from Kiln API...
Error fetching validators: getaddrinfo ENOTFOUND api.kiln.fi
Fetching validators from Kiln API...
Error fetching validators: getaddrinfo ENOTFOUND api.kiln.fi
Fetching validators from Kiln API...
Error fetching validators: getaddrinfo ENOTFOUND api.kiln.fi
Fetching validators from Kiln API...
Error fetching validators: getaddrinfo ENOTFOUND api.kiln.fi
Fetching validators from Kiln API...
Error fetching validators: getaddrinfo ENOTFOUND api.kiln.fi
Fetching network stats from Kiln API...
Fetching validators from Kiln API...
Error fetching validators: getaddrinfo ENOTFOUND api.kiln.fi
Fetching validators from Kiln API...
Error fetching validators: getaddrinfo ENOTFOUND api.kiln.fi
Fetching validators from Kiln API...
Error fetching validators: getaddrinfo ENOTFOUND api.kiln.fi
Fetching validators from Kiln API...
Error fetching validators: getaddrinfo ENOTFOUND api.kiln.fi
Fetching validators from Kiln API...
Error fetching validators: getaddrinfo ENOTFOUND api.kiln.fi
Fetching validators from Kiln API...
Error fetching validators: getaddrinfo ENOTFOUND api.kiln.fi
Fetching validators from Kiln API...
Error fetching validators: getaddrinfo ENOTFOUND api.kiln.fi
Fetching validators from Kiln API...
Error fetching validators: getaddrinfo ENOTFOUND api.kiln.fi
Fetching network stats from Kiln API...
Fetching validators from Kiln API...
Error fetching validators: getaddrinfo ENOTFOUND api.kiln.fi
Fetching validators from Kiln API...
Error fetching validators: getaddrinfo ENOTFOUND api.kiln.fi
Fetching validators from Kiln API...
Error fetching validators: getaddrinfo ENOTFOUND api.kiln.fi
Fetching validators from Kiln API...
Error fetching validators: getaddrinfo ENOTFOUND api.kiln.fi
Fetching validators from Kiln API...
Error fetching validators: getaddrinfo ENOTFOUND api.kiln.fi
Fetching validators from Kiln API...
Error fetching validators: getaddrinfo ENOTFOUND api.kiln.fi
Fetching validators from Kiln API...
Error fetching validators: getaddrinfo ENOTFOUND api.kiln.fi
Fetching network stats from Kiln API...
Fetching validators from Kiln API...
Error fetching validators: getaddrinfo ENOTFOUND api.kiln.fi
Fetching validators from Kiln API...
Error fetching validators: getaddrinfo ENOTFOUND api.kiln.fi
Fetching validators from Kiln API...
Error fetching validators: getaddrinfo ENOTFOUND api.kiln.fi
Fetching validators from Kiln API...
Error fetching validators: getaddrinfo ENOTFOUND api.kiln.fi
Fetching validators from Kiln API...
Error fetching validators: getaddrinfo ENOTFOUND api.kiln.fi
Fetching validators from Kiln API...
Error fetching validators: getaddrinfo ENOTFOUND api.kiln.fi
Fetching validators from Kiln API...
Error fetching validators: getaddrinfo ENOTFOUND api.kiln.fi
Fetching validators from Kiln API...
Fetching latest transactions from Etherscan...
✅ Fetched 50 transactions from block 22941610
Fetching network stats from Kiln API...
Fetching latest transactions from Etherscan...
✅ Fetched 50 transactions from block 22941620
Fetching latest transactions from Etherscan...
✅ Fetched 50 transactions from block 22941630
Fetching validators from Kiln API...
Fetching latest transactions from Etherscan...
✅ Fetched 50 transactions from block 22941638
Fetching network stats from Kiln API...
Fetching latest transactions from Etherscan...
✅ Fetched 50 transactions from block 22941645
Fetching latest transactions from Etherscan...
✅ Fetched 50 transactions from block 22941652
Fetching latest transactions from Etherscan...
✅ Fetched 50 transactions from block 22941659
Fetching network stats from Kiln API...
Fetching validators from Kiln API...
Fetching latest transactions from Etherscan...
✅ Fetched 50 transactions from block 22941943
Fetching network stats from Kiln API...
Fetching validators from Kiln API...
Fetching latest transactions from Etherscan...
✅ Fetched 50 transactions from block 22942261
Fetching network stats from Kiln API...
Fetching validators from Kiln API...
Fetching latest transactions from Etherscan...
✅ Fetched 50 transactions from block 22942864
Fetching network stats from Kiln API...
Fetching validators from Kiln API...
Fetching latest transactions from Etherscan...
✅ Fetched 50 transactions from block 22943213
Fetching network stats from Kiln API...
Fetching validators from Kiln API...
Fetching latest transactions from Etherscan...
✅ Fetched 50 transactions from block 22943819
Fetching network stats from Kiln API...
Fetching validators from Kiln API...
Fetching latest transactions from Etherscan...
✅ Fetched 50 transactions from block 22944259
Fetching network stats from Kiln API...
Fetching validators from Kiln API...
Error fetching validators: getaddrinfo ENOTFOUND api.kiln.fi
Fetching validators from Kiln API...
Error fetching validators: getaddrinfo ENOTFOUND api.kiln.fi
Fetching validators from Kiln API...
Error fetching validators: getaddrinfo ENOTFOUND api.kiln.fi
Fetching validators from Kiln API...
Error fetching validators: getaddrinfo ENOTFOUND api.kiln.fi
Fetching network stats from Kiln API...
Fetching validators from Kiln API...
Error fetching validators: getaddrinfo ENOTFOUND api.kiln.fi
Fetching network stats from Kiln API...
Fetching validators from Kiln API...
Error fetching validators: getaddrinfo ENOTFOUND api.kiln.fi
Fetching validators from Kiln API...
Error fetching validators: getaddrinfo ENOTFOUND api.kiln.fi
Fetching network stats from Kiln API...
Fetching validators from Kiln API...
Error fetching validators: getaddrinfo ENOTFOUND api.kiln.fi
Fetching validators from Kiln API...
Fetching latest transactions from Etherscan...
✅ Fetched 50 transactions from block 22948942
Fetching latest transactions from Etherscan...
✅ Fetched 50 transactions from block 22948949
